
> masterminds-backend@1.0.0 start:dev
> nest start --watch

[2J[3J[H[[90m10:13:17 PM[0m] Starting compilation in watch mode...

[[90m10:13:21 PM[0m] Found 0 errors. Watching for file changes.

[32m[Nest] 14036  - [39m09/06/2025, 10:13:22 PM [32m    LOG[39m [38;5;3m[NestFactory] [39m[32mStarting Nest application...[39m
[32m[Nest] 14036  - [39m09/06/2025, 10:13:22 PM [32m    LOG[39m [38;5;3m[InstanceLoader] [39m[32mTypeOrmModule dependencies initialized[39m[38;5;3m +11ms[39m
[32m[Nest] 14036  - [39m09/06/2025, 10:13:22 PM [32m    LOG[39m [38;5;3m[InstanceLoader] [39m[32mPassportModule dependencies initialized[39m[38;5;3m +1ms[39m
[32m[Nest] 14036  - [39m09/06/2025, 10:13:22 PM [32m    LOG[39m [38;5;3m[InstanceLoader] [39m[32mReputationModule dependencies initialized[39m[38;5;3m +0ms[39m
[32m[Nest] 14036  - [39m09/06/2025, 10:13:22 PM [32m    LOG[39m [38;5;3m[InstanceLoader] [39m[32mThrottlerModule dependencies initialized[39m[38;5;3m +0ms[39m
[32m[Nest] 14036  - [39m09/06/2025, 10:13:22 PM [32m    LOG[39m [38;5;3m[InstanceLoader] [39m[32mConfigHostModule dependencies initialized[39m[38;5;3m +0ms[39m
[32m[Nest] 14036  - [39m09/06/2025, 10:13:22 PM [32m    LOG[39m [38;5;3m[InstanceLoader] [39m[32mConfigModule dependencies initialized[39m[38;5;3m +0ms[39m
[32m[Nest] 14036  - [39m09/06/2025, 10:13:22 PM [32m    LOG[39m [38;5;3m[InstanceLoader] [39m[32mConfigModule dependencies initialized[39m[38;5;3m +0ms[39m
[32m[Nest] 14036  - [39m09/06/2025, 10:13:22 PM [32m    LOG[39m [38;5;3m[InstanceLoader] [39m[32mJwtModule dependencies initialized[39m[38;5;3m +30ms[39m
[32m[Nest] 14036  - [39m09/06/2025, 10:13:22 PM [32m    LOG[39m [38;5;3m[InstanceLoader] [39m[32mJwtModule dependencies initialized[39m[38;5;3m +0ms[39m
[32m[Nest] 14036  - [39m09/06/2025, 10:13:22 PM [32m    LOG[39m [38;5;3m[InstanceLoader] [39m[32mJwtModule dependencies initialized[39m[38;5;3m +0ms[39m
[32m[Nest] 14036  - [39m09/06/2025, 10:13:22 PM [32m    LOG[39m [38;5;3m[InstanceLoader] [39m[32mAppModule dependencies initialized[39m[38;5;3m +0ms[39m
[32m[Nest] 14036  - [39m09/06/2025, 10:13:22 PM [32m    LOG[39m [38;5;3m[InstanceLoader] [39m[32mGraphQLSchemaBuilderModule dependencies initialized[39m[38;5;3m +0ms[39m
[32m[Nest] 14036  - [39m09/06/2025, 10:13:22 PM [32m    LOG[39m [38;5;3m[InstanceLoader] [39m[32mCacheModule dependencies initialized[39m[38;5;3m +0ms[39m
[32m[Nest] 14036  - [39m09/06/2025, 10:13:22 PM [32m    LOG[39m [38;5;3m[InstanceLoader] [39m[32mGraphQLModule dependencies initialized[39m[38;5;3m +0ms[39m
[31m[Nest] 14036  - [39m09/06/2025, 10:13:25 PM [31m  ERROR[39m [38;5;3m[TypeOrmModule] [39m[31mUnable to connect to the database. Retrying (1)...[39m
Error: getaddrinfo ENOTFOUND postgres
    at GetAddrInfoReqWrap.onlookupall [as oncomplete] (node:dns:122:26)
